TN:
SF:C:/git-ui-June18/SkillTracker-UI/src/polyfills.ts
FNF:0
FNH:0
DA:46,1
DA:74,1
LF:2
LH:2
BRF:0
BRH:0
end_of_record
TN:
SF:C:/git-ui-June18/SkillTracker-UI/src/test.ts
FNF:0
FNH:0
DA:3,1
DA:4,1
DA:5,1
DA:13,1
DA:18,1
DA:20,1
LF:6
LH:6
BRF:0
BRH:0
end_of_record
TN:
SF:C:/git-ui-June18/SkillTracker-UI/src/app/app.component.ts
FN:8,(anonymous_1)
FN:3,AppComponent
FNF:2
FNH:2
FNDA:1,(anonymous_1)
FNDA:2,AppComponent
DA:1,1
DA:8,1
DA:9,2
DA:10,1
LF:4
LH:4
BRF:0
BRH:0
end_of_record
TN:
SF:C:/git-ui-June18/SkillTracker-UI/src/app/filter.pipe.ts
FN:6,(anonymous_1)
FN:9,(anonymous_3)
FN:12,(anonymous_4)
FNF:3
FNH:3
FNDA:2,(anonymous_1)
FNDA:6,(anonymous_3)
FNDA:15,(anonymous_4)
DA:1,1
DA:6,1
DA:9,1
DA:11,6
DA:12,5
DA:13,15
DA:14,15
DA:15,15
DA:16,30
DA:17,15
DA:19,15
DA:22,15
DA:23,2
DA:25,13
DA:26,2
DA:28,11
DA:29,2
DA:31,9
DA:32,2
DA:34,7
DA:35,1
DA:37,6
DA:41,1
DA:45,1
LF:24
LH:24
BRDA:11,0,0,5
BRDA:11,0,1,1
BRDA:11,1,0,6
BRDA:11,1,1,6
BRDA:16,2,0,15
BRDA:16,2,1,15
BRDA:22,3,0,2
BRDA:22,3,1,13
BRDA:22,4,0,15
BRDA:22,4,1,3
BRDA:25,5,0,2
BRDA:25,5,1,11
BRDA:25,6,0,13
BRDA:25,6,1,3
BRDA:28,7,0,2
BRDA:28,7,1,9
BRDA:28,8,0,11
BRDA:28,8,1,3
BRDA:31,9,0,2
BRDA:31,9,1,7
BRDA:31,10,0,9
BRDA:31,10,1,3
BRDA:34,11,0,1
BRDA:34,11,1,6
BRDA:34,12,0,7
BRDA:34,12,1,3
BRF:26
BRH:26
end_of_record
TN:
SF:C:/git-ui-June18/SkillTracker-UI/src/app/search-skill.pipe.ts
FN:6,(anonymous_1)
FN:8,(anonymous_3)
FN:13,(anonymous_4)
FNF:3
FNH:3
FNDA:15,(anonymous_1)
FNDA:3,(anonymous_3)
FNDA:5,(anonymous_4)
DA:1,1
DA:6,1
DA:8,1
DA:9,3
DA:10,1
DA:13,2
DA:14,5
DA:17,1
LF:8
LH:8
BRDA:9,0,0,1
BRDA:9,0,1,2
BRF:2
BRH:2
end_of_record
TN:
SF:C:/git-ui-June18/SkillTracker-UI/src/app/shared.service.ts
FN:7,(anonymous_2)
FN:12,SharedService
FN:14,(anonymous_4)
FN:18,(anonymous_5)
FN:22,(anonymous_6)
FN:26,(anonymous_7)
FN:30,(anonymous_8)
FNF:7
FNH:5
FNDA:1,(anonymous_2)
FNDA:14,SharedService
FNDA:15,(anonymous_4)
FNDA:3,(anonymous_5)
FNDA:0,(anonymous_6)
FNDA:0,(anonymous_7)
FNDA:3,(anonymous_8)
DA:1,1
DA:7,1
DA:14,1
DA:15,15
DA:18,1
DA:19,3
DA:22,1
DA:23,0
DA:26,1
DA:27,0
DA:30,1
DA:31,3
DA:34,1
LF:13
LH:11
BRF:0
BRH:0
end_of_record
TN:
SF:C:/git-ui-June18/SkillTracker-UI/src/app/add-associate/add-associate.component.ts
FN:15,(anonymous_2)
FN:30,AddAssociateComponent
FN:34,(anonymous_4)
FN:36,(anonymous_5)
FN:41,(anonymous_6)
FN:60,(anonymous_7)
FN:65,(anonymous_8)
FN:70,(anonymous_9)
FN:74,(anonymous_10)
FN:77,(anonymous_11)
FN:83,(anonymous_12)
FN:87,(anonymous_13)
FN:95,(anonymous_14)
FN:102,(anonymous_15)
FN:109,(anonymous_16)
FN:116,(anonymous_17)
FN:123,(anonymous_18)
FN:130,(anonymous_19)
FNF:18
FNH:13
FNDA:1,(anonymous_2)
FNDA:9,AddAssociateComponent
FNDA:1,(anonymous_4)
FNDA:1,(anonymous_5)
FNDA:1,(anonymous_6)
FNDA:1,(anonymous_7)
FNDA:0,(anonymous_8)
FNDA:0,(anonymous_9)
FNDA:0,(anonymous_10)
FNDA:0,(anonymous_11)
FNDA:1,(anonymous_12)
FNDA:0,(anonymous_13)
FNDA:1,(anonymous_14)
FNDA:1,(anonymous_15)
FNDA:1,(anonymous_16)
FNDA:1,(anonymous_17)
FNDA:1,(anonymous_18)
FNDA:1,(anonymous_19)
DA:1,1
DA:2,1
DA:4,1
DA:6,1
DA:7,1
DA:15,1
DA:17,9
DA:23,9
DA:24,9
DA:25,9
DA:26,9
DA:27,9
DA:28,9
DA:30,9
DA:31,9
DA:32,9
DA:34,1
DA:35,1
DA:37,1
DA:41,1
DA:42,1
DA:43,1
DA:44,1
DA:45,1
DA:46,1
DA:47,1
DA:48,1
DA:49,4
DA:50,4
DA:53,1
DA:54,1
DA:55,1
DA:56,1
DA:57,0
DA:59,1
DA:61,1
DA:62,1
DA:63,1
DA:66,0
DA:70,1
DA:71,0
DA:74,1
DA:75,0
DA:76,0
DA:77,0
DA:78,0
DA:80,0
DA:83,1
DA:84,1
DA:87,1
DA:88,0
DA:89,0
DA:91,0
DA:95,1
DA:96,1
DA:97,1
DA:98,1
DA:99,1
DA:102,1
DA:103,1
DA:104,1
DA:105,1
DA:106,1
DA:109,1
DA:110,1
DA:111,1
DA:112,1
DA:113,1
DA:116,1
DA:117,1
DA:118,1
DA:119,1
DA:120,1
DA:123,1
DA:124,1
DA:125,1
DA:126,1
DA:127,1
DA:130,1
DA:131,1
DA:132,1
DA:133,1
DA:134,1
DA:137,1
LF:84
LH:73
BRDA:49,0,0,4
BRDA:49,0,1,0
BRDA:56,1,0,0
BRDA:56,1,1,1
BRDA:62,2,0,1
BRDA:62,2,1,0
BRDA:88,3,0,0
BRDA:88,3,1,0
BRF:8
BRH:3
end_of_record
TN:
SF:C:/git-ui-June18/SkillTracker-UI/src/app/add-associate/add-associate.service.ts
FN:12,(anonymous_2)
FN:16,AddAssociateService
FN:23,(anonymous_4)
FN:34,(anonymous_5)
FN:40,(anonymous_6)
FN:47,(anonymous_7)
FN:51,(anonymous_8)
FNF:7
FNH:5
FNDA:1,(anonymous_2)
FNDA:4,AddAssociateService
FNDA:1,(anonymous_4)
FNDA:1,(anonymous_5)
FNDA:1,(anonymous_6)
FNDA:0,(anonymous_7)
FNDA:0,(anonymous_8)
DA:1,1
DA:2,1
DA:3,1
DA:5,1
DA:6,1
DA:7,1
DA:12,1
DA:16,4
DA:17,4
DA:18,4
DA:19,4
DA:20,4
DA:23,1
DA:24,1
DA:25,1
DA:26,1
DA:27,1
DA:28,1
DA:34,1
DA:35,1
DA:40,1
DA:41,1
DA:42,1
DA:47,1
DA:48,0
DA:49,0
DA:51,1
DA:52,0
DA:53,0
DA:55,1
LF:30
LH:26
BRDA:49,0,0,0
BRDA:49,0,1,0
BRDA:52,1,0,0
BRDA:52,1,1,0
BRDA:53,2,0,0
BRDA:53,2,1,0
BRF:6
BRH:0
end_of_record
TN:
SF:C:/git-ui-June18/SkillTracker-UI/src/app/add-skill/add-skill.component.ts
FN:12,(anonymous_2)
FN:22,AddSkillComponent
FN:24,(anonymous_4)
FN:26,(anonymous_5)
FN:31,(anonymous_6)
FN:33,(anonymous_7)
FN:39,(anonymous_8)
FN:45,(anonymous_9)
FN:47,(anonymous_10)
FN:53,(anonymous_11)
FN:58,(anonymous_12)
FN:90,(anonymous_13)
FN:95,(anonymous_14)
FNF:13
FNH:10
FNDA:1,(anonymous_2)
FNDA:5,AddSkillComponent
FNDA:9,(anonymous_4)
FNDA:9,(anonymous_5)
FNDA:1,(anonymous_6)
FNDA:1,(anonymous_7)
FNDA:0,(anonymous_8)
FNDA:1,(anonymous_9)
FNDA:1,(anonymous_10)
FNDA:0,(anonymous_11)
FNDA:2,(anonymous_12)
FNDA:1,(anonymous_13)
FNDA:0,(anonymous_14)
DA:1,1
DA:3,1
DA:4,1
DA:12,1
DA:18,5
DA:22,5
DA:24,9
DA:25,9
DA:27,9
DA:31,1
DA:32,1
DA:34,1
DA:35,1
DA:36,0
DA:37,0
DA:40,0
DA:45,1
DA:46,1
DA:48,1
DA:49,1
DA:50,0
DA:51,0
DA:54,0
DA:58,2
DA:59,2
DA:60,2
DA:61,2
DA:62,1
DA:63,1
DA:64,1
DA:65,1
DA:66,2
DA:67,1
DA:71,1
DA:72,1
DA:73,1
DA:74,1
DA:75,2
DA:76,1
DA:79,1
DA:80,2
DA:81,1
DA:86,1
DA:87,1
DA:88,1
DA:89,1
DA:91,1
DA:92,1
DA:93,0
DA:96,0
DA:102,1
LF:51
LH:43
BRDA:35,0,0,0
BRDA:35,0,1,1
BRDA:49,1,0,0
BRDA:49,1,1,1
BRDA:59,2,0,2
BRDA:59,2,1,0
BRDA:59,2,2,0
BRDA:61,3,0,1
BRDA:61,3,1,1
BRDA:66,4,0,1
BRDA:66,4,1,1
BRDA:75,5,0,1
BRDA:75,5,1,1
BRDA:80,6,0,1
BRDA:80,6,1,1
BRDA:80,7,0,2
BRDA:80,7,1,2
BRDA:92,8,0,0
BRDA:92,8,1,1
BRF:19
BRH:14
end_of_record
TN:
SF:C:/git-ui-June18/SkillTracker-UI/src/app/add-skill/add-skill.service.ts
FN:14,(anonymous_2)
FN:18,AddSkillService
FN:25,(anonymous_4)
FN:32,(anonymous_5)
FN:34,(anonymous_6)
FN:38,(anonymous_7)
FN:45,(anonymous_8)
FN:52,(anonymous_9)
FN:56,(anonymous_10)
FNF:9
FNH:6
FNDA:1,(anonymous_2)
FNDA:5,AddSkillService
FNDA:1,(anonymous_4)
FNDA:1,(anonymous_5)
FNDA:0,(anonymous_6)
FNDA:1,(anonymous_7)
FNDA:1,(anonymous_8)
FNDA:0,(anonymous_9)
FNDA:0,(anonymous_10)
DA:1,1
DA:2,1
DA:3,1
DA:5,1
DA:6,1
DA:7,1
DA:14,1
DA:18,5
DA:19,5
DA:20,5
DA:21,5
DA:22,5
DA:25,1
DA:26,1
DA:27,1
DA:32,1
DA:33,1
DA:34,0
DA:38,1
DA:39,1
DA:40,1
DA:45,1
DA:46,1
DA:47,1
DA:52,1
DA:53,0
DA:54,0
DA:56,1
DA:57,0
DA:58,0
DA:64,1
LF:31
LH:26
BRDA:54,0,0,0
BRDA:54,0,1,0
BRDA:57,1,0,0
BRDA:57,1,1,0
BRDA:58,2,0,0
BRDA:58,2,1,0
BRF:6
BRH:0
end_of_record
TN:
SF:C:/git-ui-June18/SkillTracker-UI/src/app/edit-associate/edit-associate.component.ts
FN:15,(anonymous_2)
FN:39,EditAssociateComponent
FN:44,(anonymous_4)
FN:51,(anonymous_5)
FN:58,(anonymous_6)
FN:68,(anonymous_7)
FN:87,(anonymous_8)
FN:99,(anonymous_9)
FN:102,(anonymous_10)
FN:108,(anonymous_11)
FN:112,(anonymous_12)
FN:116,(anonymous_13)
FN:117,(anonymous_14)
FN:123,(anonymous_15)
FN:128,(anonymous_16)
FN:131,(anonymous_17)
FN:137,(anonymous_18)
FN:142,(anonymous_19)
FN:149,(anonymous_20)
FN:156,(anonymous_21)
FN:163,(anonymous_22)
FN:170,(anonymous_23)
FN:177,(anonymous_24)
FN:184,(anonymous_25)
FN:221,(anonymous_26)
FN:226,(anonymous_27)
FNF:26
FNH:20
FNDA:1,(anonymous_2)
FNDA:13,EditAssociateComponent
FNDA:3,(anonymous_4)
FNDA:3,(anonymous_5)
FNDA:3,(anonymous_6)
FNDA:3,(anonymous_7)
FNDA:3,(anonymous_8)
FNDA:0,(anonymous_9)
FNDA:0,(anonymous_10)
FNDA:0,(anonymous_11)
FNDA:1,(anonymous_12)
FNDA:1,(anonymous_13)
FNDA:1,(anonymous_14)
FNDA:0,(anonymous_15)
FNDA:1,(anonymous_16)
FNDA:1,(anonymous_17)
FNDA:0,(anonymous_18)
FNDA:1,(anonymous_19)
FNDA:1,(anonymous_20)
FNDA:1,(anonymous_21)
FNDA:1,(anonymous_22)
FNDA:1,(anonymous_23)
FNDA:1,(anonymous_24)
FNDA:1,(anonymous_25)
FNDA:1,(anonymous_26)
FNDA:0,(anonymous_27)
DA:1,1
DA:2,1
DA:3,1
DA:4,1
DA:5,1
DA:7,1
DA:8,1
DA:15,1
DA:20,13
DA:21,13
DA:22,13
DA:23,13
DA:24,13
DA:25,13
DA:26,13
DA:39,13
DA:40,13
DA:41,13
DA:42,13
DA:44,3
DA:45,3
DA:46,3
DA:47,3
DA:48,3
DA:49,3
DA:50,3
DA:52,3
DA:53,3
DA:58,1
DA:59,3
DA:60,1
DA:61,2
DA:62,1
DA:63,1
DA:64,1
DA:68,1
DA:69,3
DA:70,1
DA:71,1
DA:72,1
DA:73,1
DA:74,2
DA:75,1
DA:76,1
DA:77,1
DA:78,1
DA:79,1
DA:80,1
DA:81,1
DA:82,1
DA:83,1
DA:87,1
DA:88,3
DA:89,12
DA:90,12
DA:91,24
DA:92,3
DA:99,1
DA:100,0
DA:101,0
DA:102,0
DA:103,0
DA:105,0
DA:108,1
DA:109,0
DA:112,1
DA:113,1
DA:116,1
DA:117,1
DA:118,1
DA:119,1
DA:120,0
DA:124,0
DA:128,1
DA:129,1
DA:130,1
DA:131,1
DA:132,1
DA:133,1
DA:134,0
DA:135,0
DA:138,0
DA:142,1
DA:143,1
DA:144,1
DA:145,1
DA:146,1
DA:149,1
DA:150,1
DA:151,1
DA:152,1
DA:153,1
DA:156,1
DA:157,1
DA:158,1
DA:159,1
DA:160,1
DA:163,1
DA:164,1
DA:165,1
DA:166,1
DA:167,1
DA:170,1
DA:171,1
DA:172,1
DA:173,1
DA:174,1
DA:177,1
DA:178,1
DA:179,1
DA:180,1
DA:181,1
DA:184,1
DA:185,1
DA:186,1
DA:187,1
DA:188,1
DA:189,1
DA:190,1
DA:191,4
DA:192,1
DA:195,1
DA:196,1
DA:197,1
DA:198,1
DA:199,1
DA:200,0
DA:201,0
DA:202,0
DA:204,1
DA:205,1
DA:206,1
DA:208,1
DA:209,0
DA:210,0
DA:211,0
DA:213,1
DA:214,1
DA:215,1
DA:217,1
DA:218,0
DA:220,1
DA:222,1
DA:223,1
DA:224,0
DA:227,0
DA:232,1
LF:147
LH:127
BRDA:59,0,0,1
BRDA:59,0,1,2
BRDA:61,1,0,1
BRDA:61,1,1,1
BRDA:63,2,0,1
BRDA:63,2,1,0
BRDA:69,3,0,1
BRDA:69,3,1,2
BRDA:74,4,0,1
BRDA:74,4,1,1
BRDA:79,5,0,1
BRDA:79,5,1,0
BRDA:91,6,0,3
BRDA:91,6,1,21
BRDA:119,7,0,0
BRDA:119,7,1,1
BRDA:133,8,0,0
BRDA:133,8,1,1
BRDA:191,9,0,1
BRDA:191,9,1,3
BRDA:191,10,0,4
BRDA:191,10,1,4
BRDA:199,11,0,0
BRDA:199,11,1,1
BRDA:199,12,0,1
BRDA:199,12,1,1
BRDA:199,12,2,1
BRDA:200,13,0,0
BRDA:200,13,1,0
BRDA:201,14,0,0
BRDA:201,14,1,0
BRDA:202,15,0,0
BRDA:202,15,1,0
BRDA:204,16,0,0
BRDA:204,16,1,1
BRDA:205,17,0,0
BRDA:205,17,1,1
BRDA:206,18,0,0
BRDA:206,18,1,1
BRDA:208,19,0,0
BRDA:208,19,1,1
BRDA:208,20,0,1
BRDA:208,20,1,1
BRDA:208,20,2,1
BRDA:209,21,0,0
BRDA:209,21,1,0
BRDA:210,22,0,0
BRDA:210,22,1,0
BRDA:211,23,0,0
BRDA:211,23,1,0
BRDA:213,24,0,0
BRDA:213,24,1,1
BRDA:214,25,0,0
BRDA:214,25,1,1
BRDA:215,26,0,0
BRDA:215,26,1,1
BRDA:217,27,0,0
BRDA:217,27,1,1
BRDA:217,28,0,1
BRDA:217,28,1,0
BRDA:223,29,0,0
BRDA:223,29,1,1
BRF:62
BRH:35
end_of_record
TN:
SF:C:/git-ui-June18/SkillTracker-UI/src/app/home/home.component.ts
FN:8,(anonymous_2)
FN:10,HomeComponent
FN:12,(anonymous_4)
FNF:3
FNH:3
FNDA:1,(anonymous_2)
FNDA:1,HomeComponent
FNDA:1,(anonymous_4)
DA:1,1
DA:8,1
DA:12,1
DA:15,1
LF:4
LH:4
BRF:0
BRH:0
end_of_record
TN:
SF:C:/git-ui-June18/SkillTracker-UI/src/app/model/add-associate.ts
FN:3,(anonymous_0)
FNF:1
FNH:1
FNDA:23,(anonymous_0)
DA:3,1
DA:9,22
DA:13,22
DA:14,22
DA:15,22
DA:16,22
DA:17,22
DA:18,22
DA:20,1
LF:9
LH:9
BRF:0
BRH:0
end_of_record
TN:
SF:C:/git-ui-June18/SkillTracker-UI/src/app/model/add-skill.ts
FN:1,(anonymous_0)
FNF:1
FNH:1
FNDA:3,(anonymous_0)
DA:1,1
DA:5,2
DA:6,1
LF:3
LH:3
BRF:0
BRH:0
end_of_record
TN:
SF:C:/git-ui-June18/SkillTracker-UI/src/app/page-not-found/page-not-found.component.ts
FN:8,(anonymous_2)
FN:10,PageNotFoundComponent
FN:12,(anonymous_4)
FNF:3
FNH:3
FNDA:1,(anonymous_2)
FNDA:1,PageNotFoundComponent
FNDA:1,(anonymous_4)
DA:1,1
DA:8,1
DA:12,1
DA:15,1
LF:4
LH:4
BRF:0
BRH:0
end_of_record
TN:
SF:C:\git-ui-June18\SkillTracker-UI\src\app\search\search.component.ts
FNF:0
FNH:0
LF:0
LH:0
BRF:0
BRH:0
end_of_record
TN:
SF:C:/git-ui-June18/SkillTracker-UI/src/app/search/search.service.ts
FN:13,(anonymous_2)
FN:17,SearchService
FN:24,(anonymous_4)
FN:26,(anonymous_5)
FN:37,(anonymous_6)
FN:41,(anonymous_7)
FNF:6
FNH:3
FNDA:1,(anonymous_2)
FNDA:2,SearchService
FNDA:1,(anonymous_4)
FNDA:0,(anonymous_5)
FNDA:0,(anonymous_6)
FNDA:0,(anonymous_7)
DA:1,1
DA:2,1
DA:3,1
DA:5,1
DA:6,1
DA:7,1
DA:13,1
DA:17,2
DA:18,2
DA:19,2
DA:20,2
DA:21,2
DA:24,1
DA:25,1
DA:26,0
DA:37,1
DA:38,0
DA:39,0
DA:41,1
DA:42,0
DA:43,0
DA:45,1
LF:22
LH:17
BRDA:39,0,0,0
BRDA:39,0,1,0
BRDA:42,1,0,0
BRDA:42,1,1,0
BRDA:43,2,0,0
BRDA:43,2,1,0
BRF:6
BRH:0
end_of_record
